::1 - - [04/Aug/2025:13:35:43 +0100] "GET /phpmyadmin HTTP/1.1" 301 236
::1 - - [04/Aug/2025:13:35:44 +0100] "GET /phpmyadmin/ HTTP/1.1" 200 77907
::1 - - [04/Aug/2025:13:36:43 +0100] "-" 408 -
::1 - - [04/Aug/2025:13:41:57 +0100] "GET /phpmyadmin/ HTTP/1.1" 200 77907
::1 - - [04/Aug/2025:13:42:01 +0100] "GET /phpmyadmin/ HTTP/1.1" 200 77907
::1 - - [04/Aug/2025:13:42:57 +0100] "-" 408 -
::1 - - [04/Aug/2025:13:49:02 +0100] "GET /phpmyadmin/ HTTP/1.1" 200 77092
::1 - - [04/Aug/2025:13:49:51 +0100] "GET /phpmyadmin/ HTTP/1.1" 200 76275
::1 - - [04/Aug/2025:13:50:51 +0100] "-" 408 -
::1 - - [04/Aug/2025:18:07:21 +0100] "GET /phpmyadmin/ HTTP/1.1" 200 76275
::1 - - [04/Aug/2025:18:08:21 +0100] "-" 408 -
::1 - - [04/Aug/2025:18:12:47 +0100] "GET /phpmyadmin/ HTTP/1.1" 200 76004
::1 - - [04/Aug/2025:18:13:47 +0100] "-" 408 -
::1 - - [04/Aug/2025:18:16:20 +0100] "GET /phpmyadmin/ HTTP/1.1" 200 76004
::1 - - [04/Aug/2025:18:18:34 +0100] "GET /phpmyadmin/ HTTP/1.1" 200 1254
::1 - - [04/Aug/2025:18:18:35 +0100] "GET /phpmyadmin/favicon.ico HTTP/1.1" 200 22486
::1 - - [04/Aug/2025:18:19:34 +0100] "-" 408 -
::1 - - [04/Aug/2025:18:20:11 +0100] "GET /info.php HTTP/1.1" 403 199
::1 - - [04/Aug/2025:18:21:11 +0100] "-" 408 -
::1 - - [04/Aug/2025:18:25:47 +0100] "GET /info.php HTTP/1.1" 403 199
::1 - - [04/Aug/2025:18:25:48 +0100] "GET /info.php HTTP/1.1" 403 199
::1 - - [04/Aug/2025:18:25:50 +0100] "GET /info.php HTTP/1.1" 403 199
::1 - - [04/Aug/2025:18:26:47 +0100] "-" 408 -
::1 - - [04/Aug/2025:18:28:41 +0100] "GET / HTTP/1.1" 403 199
::1 - - [04/Aug/2025:18:28:44 +0100] "GET / HTTP/1.1" 403 199
::1 - - [04/Aug/2025:18:29:41 +0100] "-" 408 -
::1 - - [04/Aug/2025:18:30:34 +0100] "GET / HTTP/1.1" 403 199
::1 - - [04/Aug/2025:18:30:35 +0100] "GET / HTTP/1.1" 403 199
::1 - - [04/Aug/2025:18:30:40 +0100] "GET / HTTP/1.1" 403 199
::1 - - [04/Aug/2025:18:31:34 +0100] "-" 408 -
::1 - - [04/Aug/2025:18:32:55 +0100] "GET / HTTP/1.1" 403 199
::1 - - [04/Aug/2025:18:33:55 +0100] "-" 408 -
