::1 - - [02/Sep/2025:00:02:07 +0100] "GET /dashboard/get_stats.php?t=1756767727138 HTTP/1.1" 200 1498
::1 - - [02/Sep/2025:00:02:07 +0100] "GET /dashboard/lang.php?action=get_config_language&t=1756767727139 HTTP/1.1" 200 32
::1 - - [02/Sep/2025:00:02:07 +0100] "GET /dashboard/check_vhost_manager.php HTTP/1.1" 200 45
127.0.0.1 - - [02/Sep/2025:00:03:03 +0100] "-" 408 -
::1 - - [02/Sep/2025:00:03:07 +0100] "GET /dashboard/lang.php?action=get_config_language&t=1756767787139 HTTP/1.1" 200 32
::1 - - [02/Sep/2025:00:03:07 +0100] "GET /dashboard/get_stats.php?t=1756767787139 HTTP/1.1" 200 1498
::1 - - [02/Sep/2025:00:03:07 +0100] "GET /dashboard/check_vhost_manager.php HTTP/1.1" 200 45
::1 - - [02/Sep/2025:00:04:07 +0100] "GET /dashboard/lang.php?action=get_config_language&t=1756767847139 HTTP/1.1" 200 32
::1 - - [02/Sep/2025:00:04:07 +0100] "GET /dashboard/get_stats.php?t=1756767847139 HTTP/1.1" 200 1497
::1 - - [02/Sep/2025:00:04:07 +0100] "GET /dashboard/check_vhost_manager.php HTTP/1.1" 200 45
::1 - - [02/Sep/2025:00:05:07 +0100] "GET /dashboard/lang.php?action=get_config_language&t=1756767907138 HTTP/1.1" 200 32
::1 - - [02/Sep/2025:00:05:07 +0100] "GET /dashboard/get_stats.php?t=1756767907138 HTTP/1.1" 200 1497
::1 - - [02/Sep/2025:00:05:07 +0100] "GET /dashboard/check_vhost_manager.php HTTP/1.1" 200 45
::1 - - [02/Sep/2025:00:06:07 +0100] "GET /dashboard/get_stats.php?t=1756767967138 HTTP/1.1" 200 1498
::1 - - [02/Sep/2025:00:06:07 +0100] "GET /dashboard/lang.php?action=get_config_language&t=1756767967139 HTTP/1.1" 200 32
::1 - - [02/Sep/2025:00:06:07 +0100] "GET /dashboard/check_vhost_manager.php HTTP/1.1" 200 45
::1 - - [02/Sep/2025:00:06:21 +0100] "GET /dashboard/lang.php?action=get_config_language&t=1756767981487 HTTP/1.1" 200 32
::1 - - [02/Sep/2025:00:06:21 +0100] "GET /dashboard/get_stats.php?t=1756767981487 HTTP/1.1" 200 1499
::1 - - [02/Sep/2025:00:06:21 +0100] "GET /dashboard/check_vhost_manager.php HTTP/1.1" 200 45
::1 - - [02/Sep/2025:00:06:24 +0100] "GET /dashboard/lang.php?action=get_config_language&t=1756767984005 HTTP/1.1" 200 32
::1 - - [02/Sep/2025:00:06:24 +0100] "GET /dashboard/get_stats.php?t=1756767984004 HTTP/1.1" 200 1498
::1 - - [02/Sep/2025:00:06:24 +0100] "GET /dashboard/ HTTP/1.1" 304 -
::1 - - [02/Sep/2025:00:06:24 +0100] "GET /dashboard/styles.css HTTP/1.1" 304 -
::1 - - [02/Sep/2025:00:06:24 +0100] "GET /dashboard/dashboard.js HTTP/1.1" 304 -
::1 - - [02/Sep/2025:00:06:25 +0100] "GET /dashboard/lang.php?action=get_config_language&t=1756767985413 HTTP/1.1" 200 32
::1 - - [02/Sep/2025:00:06:25 +0100] "GET /dashboard/get_stats.php?t=1756767985414 HTTP/1.1" 200 1498
::1 - - [02/Sep/2025:00:06:25 +0100] "GET /dashboard/vhosts.php?action=list HTTP/1.1" 200 248
::1 - - [02/Sep/2025:00:06:25 +0100] "GET /dashboard/lang.php?action=get_translations&lang=en&t=1756767985422 HTTP/1.1" 200 4343
::1 - - [02/Sep/2025:00:06:25 +0100] "GET /dashboard/get_stats.php?t=1756767985433 HTTP/1.1" 200 1498
::1 - - [02/Sep/2025:00:06:25 +0100] "GET /dashboard/vhosts.php?action=list HTTP/1.1" 200 248
::1 - - [02/Sep/2025:00:06:25 +0100] "GET /dashboard/start_vhost_manager.php HTTP/1.1" 200 76
::1 - - [02/Sep/2025:00:06:29 +0100] "GET /dashboard/vhosts.php?action=list HTTP/1.1" 200 248
::1 - - [02/Sep/2025:00:06:30 +0100] "GET /dashboard/lang.php?action=get_config_language&t=1756767990415 HTTP/1.1" 200 32
::1 - - [02/Sep/2025:00:06:30 +0100] "GET /dashboard/get_stats.php?t=1756767990415 HTTP/1.1" 200 1498
::1 - - [02/Sep/2025:00:06:35 +0100] "GET /dashboard/lang.php?action=get_config_language&t=1756767995415 HTTP/1.1" 200 32
::1 - - [02/Sep/2025:00:06:35 +0100] "GET /dashboard/get_stats.php?t=1756767995414 HTTP/1.1" 200 1498
::1 - - [02/Sep/2025:00:06:40 +0100] "GET /dashboard/lang.php?action=get_config_language&t=1756768000415 HTTP/1.1" 200 32
::1 - - [02/Sep/2025:00:06:40 +0100] "GET /dashboard/get_stats.php?t=1756768000415 HTTP/1.1" 200 1498
::1 - - [02/Sep/2025:00:06:45 +0100] "GET /dashboard/lang.php?action=get_config_language&t=1756768005415 HTTP/1.1" 200 32
::1 - - [02/Sep/2025:00:06:45 +0100] "GET /dashboard/get_stats.php?t=1756768005415 HTTP/1.1" 200 1498
::1 - - [02/Sep/2025:00:06:50 +0100] "GET /dashboard/lang.php?action=get_config_language&t=1756768010415 HTTP/1.1" 200 32
::1 - - [02/Sep/2025:00:06:50 +0100] "GET /dashboard/get_stats.php?t=1756768010414 HTTP/1.1" 200 1498
::1 - - [02/Sep/2025:00:06:55 +0100] "GET /dashboard/lang.php?action=get_config_language&t=1756768015415 HTTP/1.1" 200 32
::1 - - [02/Sep/2025:00:06:55 +0100] "GET /dashboard/get_stats.php?t=1756768015415 HTTP/1.1" 200 1498
::1 - - [02/Sep/2025:00:06:55 +0100] "GET /dashboard/check_vhost_manager.php HTTP/1.1" 200 45
::1 - - [02/Sep/2025:00:07:01 +0100] "GET /dashboard/lang.php?action=get_config_language&t=1756768021138 HTTP/1.1" 200 32
::1 - - [02/Sep/2025:00:07:01 +0100] "GET /dashboard/get_stats.php?t=1756768021138 HTTP/1.1" 200 1498
::1 - - [02/Sep/2025:00:07:10 +0100] "GET /dashboard/lang.php?action=get_config_language&t=1756768030988 HTTP/1.1" 200 32
::1 - - [02/Sep/2025:00:07:10 +0100] "GET /dashboard/get_stats.php?t=1756768030987 HTTP/1.1" 200 1498
::1 - - [02/Sep/2025:00:07:13 +0100] "GET /dashboard/vhosts.php?action=create&name=goo.test&path=C%3A%5CMyServer%5Cwww%5Cproject2 HTTP/1.1" 200 92
::1 - - [02/Sep/2025:00:07:13 +0100] "GET /dashboard/vhosts.php?action=list HTTP/1.1" 200 248
::1 - - [02/Sep/2025:00:07:15 +0100] "GET /dashboard/lang.php?action=get_config_language&t=1756768035415 HTTP/1.1" 200 32
::1 - - [02/Sep/2025:00:07:15 +0100] "GET /dashboard/get_stats.php?t=1756768035414 HTTP/1.1" 200 1498
::1 - - [02/Sep/2025:00:07:20 +0100] "GET /dashboard/lang.php?action=get_config_language&t=1756768040415 HTTP/1.1" 200 32
::1 - - [02/Sep/2025:00:07:20 +0100] "GET /dashboard/get_stats.php?t=1756768040414 HTTP/1.1" 200 1498
::1 - - [02/Sep/2025:00:07:25 +0100] "GET /dashboard/lang.php?action=get_config_language&t=1756768045414 HTTP/1.1" 200 32
::1 - - [02/Sep/2025:00:07:25 +0100] "GET /dashboard/get_stats.php?t=1756768045414 HTTP/1.1" 200 1498
::1 - - [02/Sep/2025:00:07:25 +0100] "GET /dashboard/check_vhost_manager.php HTTP/1.1" 200 45
::1 - - [02/Sep/2025:00:07:30 +0100] "GET /dashboard/lang.php?action=get_config_language&t=1756768050414 HTTP/1.1" 200 32
::1 - - [02/Sep/2025:00:07:30 +0100] "GET /dashboard/get_stats.php?t=1756768050414 HTTP/1.1" 200 1498
::1 - - [02/Sep/2025:00:07:35 +0100] "GET /dashboard/lang.php?action=get_config_language&t=1756768055415 HTTP/1.1" 200 32
::1 - - [02/Sep/2025:00:07:35 +0100] "GET /dashboard/get_stats.php?t=1756768055415 HTTP/1.1" 200 1498
::1 - - [02/Sep/2025:00:07:40 +0100] "GET /dashboard/lang.php?action=get_config_language&t=1756768060415 HTTP/1.1" 200 32
::1 - - [02/Sep/2025:00:07:40 +0100] "GET /dashboard/get_stats.php?t=1756768060414 HTTP/1.1" 200 1498
::1 - - [02/Sep/2025:00:07:45 +0100] "GET /dashboard/lang.php?action=get_config_language&t=1756768065414 HTTP/1.1" 200 32
::1 - - [02/Sep/2025:00:07:45 +0100] "GET /dashboard/get_stats.php?t=1756768065414 HTTP/1.1" 200 1498
::1 - - [02/Sep/2025:00:07:50 +0100] "GET /dashboard/lang.php?action=get_config_language&t=1756768070414 HTTP/1.1" 200 32
::1 - - [02/Sep/2025:00:07:50 +0100] "GET /dashboard/get_stats.php?t=1756768070414 HTTP/1.1" 200 1498
::1 - - [02/Sep/2025:00:07:55 +0100] "GET /dashboard/lang.php?action=get_config_language&t=1756768075414 HTTP/1.1" 200 32
::1 - - [02/Sep/2025:00:07:55 +0100] "GET /dashboard/get_stats.php?t=1756768075414 HTTP/1.1" 200 1498
::1 - - [02/Sep/2025:00:07:55 +0100] "GET /dashboard/check_vhost_manager.php HTTP/1.1" 200 45
::1 - - [02/Sep/2025:00:08:00 +0100] "GET /dashboard/lang.php?action=get_config_language&t=1756768080414 HTTP/1.1" 200 32
::1 - - [02/Sep/2025:00:08:00 +0100] "GET /dashboard/get_stats.php?t=1756768080414 HTTP/1.1" 200 1498
::1 - - [02/Sep/2025:00:08:05 +0100] "GET /dashboard/ HTTP/1.1" 304 -
::1 - - [02/Sep/2025:00:08:05 +0100] "GET /dashboard/lang.php?action=get_config_language&t=1756768085112 HTTP/1.1" 200 32
::1 - - [02/Sep/2025:00:08:05 +0100] "GET /dashboard/get_stats.php?t=1756768085112 HTTP/1.1" 200 1498
::1 - - [02/Sep/2025:00:08:05 +0100] "GET /dashboard/vhosts.php?action=list HTTP/1.1" 200 334
::1 - - [02/Sep/2025:00:08:05 +0100] "GET /dashboard/lang.php?action=get_translations&lang=en&t=1756768085129 HTTP/1.1" 200 4343
::1 - - [02/Sep/2025:00:08:05 +0100] "GET /dashboard/get_stats.php?t=1756768085142 HTTP/1.1" 200 1498
::1 - - [02/Sep/2025:00:08:05 +0100] "GET /dashboard/vhosts.php?action=list HTTP/1.1" 200 334
::1 - - [02/Sep/2025:00:08:05 +0100] "GET /dashboard/start_vhost_manager.php HTTP/1.1" 200 76
::1 - - [02/Sep/2025:00:08:09 +0100] "GET /dashboard/vhosts.php?action=list HTTP/1.1" 200 334
::1 - - [02/Sep/2025:00:08:10 +0100] "GET /dashboard/lang.php?action=get_config_language&t=1756768090113 HTTP/1.1" 200 32
::1 - - [02/Sep/2025:00:08:10 +0100] "GET /dashboard/get_stats.php?t=1756768090112 HTTP/1.1" 200 1498
::1 - - [02/Sep/2025:00:08:15 +0100] "GET /dashboard/lang.php?action=get_config_language&t=1756768095138 HTTP/1.1" 200 32
::1 - - [02/Sep/2025:00:08:15 +0100] "GET /dashboard/get_stats.php?t=1756768095138 HTTP/1.1" 200 1498
::1 - - [02/Sep/2025:00:08:20 +0100] "GET /dashboard/lang.php?action=get_config_language&t=1756768100139 HTTP/1.1" 200 32
::1 - - [02/Sep/2025:00:08:20 +0100] "GET /dashboard/get_stats.php?t=1756768100138 HTTP/1.1" 200 1498
::1 - - [02/Sep/2025:00:08:25 +0100] "GET /dashboard/lang.php?action=get_config_language&t=1756768105138 HTTP/1.1" 200 32
::1 - - [02/Sep/2025:00:08:25 +0100] "GET /dashboard/get_stats.php?t=1756768105138 HTTP/1.1" 200 1498
::1 - - [02/Sep/2025:00:08:30 +0100] "GET /dashboard/lang.php?action=get_config_language&t=1756768110140 HTTP/1.1" 200 32
::1 - - [02/Sep/2025:00:08:30 +0100] "GET /dashboard/get_stats.php?t=1756768110139 HTTP/1.1" 200 1498
::1 - - [02/Sep/2025:00:08:35 +0100] "GET /dashboard/lang.php?action=get_config_language&t=1756768115140 HTTP/1.1" 200 32
::1 - - [02/Sep/2025:00:08:35 +0100] "GET /dashboard/get_stats.php?t=1756768115140 HTTP/1.1" 200 1498
::1 - - [02/Sep/2025:00:08:35 +0100] "GET /dashboard/check_vhost_manager.php HTTP/1.1" 200 45
::1 - - [02/Sep/2025:00:08:40 +0100] "GET /dashboard/get_stats.php?t=1756768120139 HTTP/1.1" 200 1498
::1 - - [02/Sep/2025:00:08:40 +0100] "GET /dashboard/lang.php?action=get_config_language&t=1756768120139 HTTP/1.1" 200 32
::1 - - [02/Sep/2025:00:08:45 +0100] "GET /dashboard/lang.php?action=get_config_language&t=1756768125139 HTTP/1.1" 200 32
::1 - - [02/Sep/2025:00:08:45 +0100] "GET /dashboard/get_stats.php?t=1756768125139 HTTP/1.1" 200 1498
::1 - - [02/Sep/2025:00:08:50 +0100] "GET /dashboard/lang.php?action=get_config_language&t=1756768130139 HTTP/1.1" 200 32
::1 - - [02/Sep/2025:00:08:50 +0100] "GET /dashboard/get_stats.php?t=1756768130139 HTTP/1.1" 200 1498
::1 - - [02/Sep/2025:00:08:55 +0100] "GET /dashboard/lang.php?action=get_config_language&t=1756768135140 HTTP/1.1" 200 32
::1 - - [02/Sep/2025:00:08:55 +0100] "GET /dashboard/get_stats.php?t=1756768135139 HTTP/1.1" 200 1498
::1 - - [02/Sep/2025:00:09:00 +0100] "GET /dashboard/lang.php?action=get_config_language&t=1756768140139 HTTP/1.1" 200 32
::1 - - [02/Sep/2025:00:09:00 +0100] "GET /dashboard/get_stats.php?t=1756768140139 HTTP/1.1" 200 1498
::1 - - [02/Sep/2025:00:09:05 +0100] "GET /dashboard/lang.php?action=get_config_language&t=1756768145139 HTTP/1.1" 200 32
::1 - - [02/Sep/2025:00:09:05 +0100] "GET /dashboard/get_stats.php?t=1756768145138 HTTP/1.1" 200 1498
::1 - - [02/Sep/2025:00:09:05 +0100] "GET /dashboard/check_vhost_manager.php HTTP/1.1" 200 45
::1 - - [02/Sep/2025:00:09:10 +0100] "GET /dashboard/lang.php?action=get_config_language&t=1756768150139 HTTP/1.1" 200 32
::1 - - [02/Sep/2025:00:09:10 +0100] "GET /dashboard/get_stats.php?t=1756768150138 HTTP/1.1" 200 1498
::1 - - [02/Sep/2025:00:09:15 +0100] "GET /dashboard/get_stats.php?t=1756768155138 HTTP/1.1" 200 1498
::1 - - [02/Sep/2025:00:09:15 +0100] "GET /dashboard/lang.php?action=get_config_language&t=1756768155139 HTTP/1.1" 200 32
::1 - - [02/Sep/2025:00:09:20 +0100] "GET /dashboard/lang.php?action=get_config_language&t=1756768160139 HTTP/1.1" 200 32
::1 - - [02/Sep/2025:00:09:20 +0100] "GET /dashboard/get_stats.php?t=1756768160139 HTTP/1.1" 200 1498
::1 - - [02/Sep/2025:00:09:25 +0100] "GET /dashboard/lang.php?action=get_config_language&t=1756768165114 HTTP/1.1" 200 32
::1 - - [02/Sep/2025:00:09:25 +0100] "GET /dashboard/get_stats.php?t=1756768165114 HTTP/1.1" 200 1498
::1 - - [02/Sep/2025:00:09:30 +0100] "GET /dashboard/lang.php?action=get_config_language&t=1756768170113 HTTP/1.1" 200 32
::1 - - [02/Sep/2025:00:09:30 +0100] "GET /dashboard/get_stats.php?t=1756768170112 HTTP/1.1" 200 1498
::1 - - [02/Sep/2025:00:09:35 +0100] "GET /dashboard/lang.php?action=get_config_language&t=1756768175139 HTTP/1.1" 200 32
::1 - - [02/Sep/2025:00:09:35 +0100] "GET /dashboard/get_stats.php?t=1756768175139 HTTP/1.1" 200 1498
::1 - - [02/Sep/2025:00:09:35 +0100] "GET /dashboard/check_vhost_manager.php HTTP/1.1" 200 45
::1 - - [02/Sep/2025:00:09:40 +0100] "GET /dashboard/lang.php?action=get_config_language&t=1756768180139 HTTP/1.1" 200 32
::1 - - [02/Sep/2025:00:09:40 +0100] "GET /dashboard/get_stats.php?t=1756768180139 HTTP/1.1" 200 1498
::1 - - [02/Sep/2025:00:09:45 +0100] "GET /dashboard/lang.php?action=get_config_language&t=1756768185139 HTTP/1.1" 200 32
::1 - - [02/Sep/2025:00:09:45 +0100] "GET /dashboard/get_stats.php?t=1756768185139 HTTP/1.1" 200 1498
::1 - - [02/Sep/2025:00:09:50 +0100] "GET /dashboard/lang.php?action=get_config_language&t=1756768190139 HTTP/1.1" 200 32
::1 - - [02/Sep/2025:00:09:50 +0100] "GET /dashboard/get_stats.php?t=1756768190139 HTTP/1.1" 200 1498
::1 - - [02/Sep/2025:00:09:55 +0100] "GET /dashboard/lang.php?action=get_config_language&t=1756768195138 HTTP/1.1" 200 32
::1 - - [02/Sep/2025:00:09:55 +0100] "GET /dashboard/get_stats.php?t=1756768195138 HTTP/1.1" 200 1498
::1 - - [02/Sep/2025:00:10:00 +0100] "GET /dashboard/lang.php?action=get_config_language&t=1756768200113 HTTP/1.1" 200 32
::1 - - [02/Sep/2025:00:10:00 +0100] "GET /dashboard/get_stats.php?t=1756768200112 HTTP/1.1" 200 1498
::1 - - [02/Sep/2025:00:10:05 +0100] "GET /dashboard/lang.php?action=get_config_language&t=1756768205113 HTTP/1.1" 200 32
::1 - - [02/Sep/2025:00:10:05 +0100] "GET /dashboard/get_stats.php?t=1756768205113 HTTP/1.1" 200 1498
::1 - - [02/Sep/2025:00:10:05 +0100] "GET /dashboard/check_vhost_manager.php HTTP/1.1" 200 45
::1 - - [02/Sep/2025:00:10:03 +0100] "GET /dashboard/start_vhost_manager.php HTTP/1.1" 200 76
::1 - - [02/Sep/2025:00:10:07 +0100] "GET /dashboard/vhosts.php?action=list HTTP/1.1" 200 334
::1 - - [02/Sep/2025:00:10:10 +0100] "GET /dashboard/lang.php?action=get_config_language&t=1756768210113 HTTP/1.1" 200 32
::1 - - [02/Sep/2025:00:10:10 +0100] "GET /dashboard/get_stats.php?t=1756768210113 HTTP/1.1" 200 1498
::1 - - [02/Sep/2025:00:10:14 +0100] "GET /dashboard/check_apache_config.php HTTP/1.1" 200 42
::1 - - [02/Sep/2025:00:10:15 +0100] "GET /dashboard/lang.php?action=get_config_language&t=1756768215113 HTTP/1.1" 200 32
::1 - - [02/Sep/2025:00:10:15 +0100] "GET /dashboard/get_stats.php?t=1756768215113 HTTP/1.1" 200 1498
::1 - - [02/Sep/2025:00:10:20 +0100] "GET /dashboard/lang.php?action=get_config_language&t=1756768220113 HTTP/1.1" 200 32
::1 - - [02/Sep/2025:00:10:20 +0100] "GET /dashboard/get_stats.php?t=1756768220112 HTTP/1.1" 200 1498
